0 info it worked if it ends with ok
1 verbose cli [ '/Users/Go7hic/.nvm/versions/node/v6.0.0/bin/node',
1 verbose cli   '/Users/Go7hic/.nvm/versions/node/v6.0.0/bin/npm',
1 verbose cli   'publish' ]
2 info using npm@3.8.6
3 info using node@v6.0.0
4 verbose publish [ '.' ]
5 silly cache add args [ '.', null ]
6 verbose cache add spec .
7 silly cache add parsed spec Result {
7 silly cache add   raw: '.',
7 silly cache add   scope: null,
7 silly cache add   name: null,
7 silly cache add   rawSpec: '.',
7 silly cache add   spec: '/Users/Go7hic/workspace/Github/es6-pin',
7 silly cache add   type: 'directory' }
8 verbose addLocalDirectory /Users/Go7hic/.npm/es6-pin/1.0.0/package.tgz not in flight; packing
9 verbose correctMkdir /Users/Go7hic/.npm correctMkdir not in flight; initializing
10 info lifecycle es6-pin@1.0.0~prepublish: es6-pin@1.0.0
11 silly lifecycle es6-pin@1.0.0~prepublish: no script for prepublish, continuing
12 verbose tar pack [ '/Users/Go7hic/.npm/es6-pin/1.0.0/package.tgz',
12 verbose tar pack   '/Users/Go7hic/workspace/Github/es6-pin' ]
13 verbose tarball /Users/Go7hic/.npm/es6-pin/1.0.0/package.tgz
14 verbose folder /Users/Go7hic/workspace/Github/es6-pin
15 verbose addLocalTarball adding from inside cache /Users/Go7hic/.npm/es6-pin/1.0.0/package.tgz
16 verbose correctMkdir /Users/Go7hic/.npm correctMkdir not in flight; initializing
17 silly cache afterAdd es6-pin@1.0.0
18 verbose afterAdd /Users/Go7hic/.npm/es6-pin/1.0.0/package/package.json not in flight; writing
19 verbose correctMkdir /Users/Go7hic/.npm correctMkdir not in flight; initializing
20 verbose afterAdd /Users/Go7hic/.npm/es6-pin/1.0.0/package/package.json written
21 silly publish { name: 'es6-pin',
21 silly publish   version: '1.0.0',
21 silly publish   description: '使用说明：页面向下滚动的时候固定某个元素在顶部',
21 silly publish   main: 'pin.js',
21 silly publish   scripts: { test: 'echo "Error: no test specified" && exit 1' },
21 silly publish   repository:
21 silly publish    { type: 'git',
21 silly publish      url: 'git+https://github.com/dyygtfx/es6-pin.git' },
21 silly publish   author: { name: 'Go7hic' },
21 silly publish   license: 'MIT',
21 silly publish   bugs: { url: 'https://github.com/dyygtfx/es6-pin/issues' },
21 silly publish   homepage: 'https://github.com/dyygtfx/es6-pin#readme',
21 silly publish   readme: '<<<<<<< HEAD\n# es6-pin\n页面向下滚动的时候固定某个元素在顶部\n\n## Install\n`npm install es6-pin --save`\n\n\n## Usage\n\n```\nimport Pin from \'es6-pin\'\n=======\n## es6-Pin\n\n\n\n#### 使用：\n\n\n```js\nimport Pin from \'./Pin\'\n>>>>>>> 6e96f3299c1a9e2e2a1273e3036bc6bad7adedfc\nnew Pin(\'.record-top-banner\',\'.record-head\',30, {\n  onPin() {\n  //\n  },\n  onUnpin() {\n  //\n  }\n});\n```\n## 方法说明\n\n- `.record-top-banner` 表示你需要固定在顶部的元素（必填）\n- `.record-head` 表示当滚动超过这个元素的时候开始固定（可选,不填则是0）\n- `30` 表示在 `.record-head` 的基础上再加 30象素高，可自定义。（可选，不填则是0）\n- `onPin` 表示当固定的时候执行的回调\n- `onUnpin` 表示当移除固定的时候执行的回调\n',
21 silly publish   readmeFilename: 'README.md',
21 silly publish   gitHead: '5ca2a4c268f55c641fcbef87a72d3b0b726aadbe',
21 silly publish   _id: 'es6-pin@1.0.0',
21 silly publish   _shasum: '8f72f8103e70fed78f38fc3dfa63f268bae814aa',
21 silly publish   _from: '.' }
22 verbose getPublishConfig undefined
23 silly mapToRegistry name es6-pin
24 silly mapToRegistry using default registry
25 silly mapToRegistry registry http://registry.npmjs.org/
26 silly mapToRegistry data Result {
26 silly mapToRegistry   raw: 'es6-pin',
26 silly mapToRegistry   scope: null,
26 silly mapToRegistry   name: 'es6-pin',
26 silly mapToRegistry   rawSpec: '',
26 silly mapToRegistry   spec: 'latest',
26 silly mapToRegistry   type: 'tag' }
27 silly mapToRegistry uri http://registry.npmjs.org/es6-pin
28 verbose publish registryBase http://registry.npmjs.org/
29 silly publish uploading /Users/Go7hic/.npm/es6-pin/1.0.0/package.tgz
30 verbose request uri http://registry.npmjs.org/es6-pin
31 verbose request sending authorization for write operation
32 info attempt registry request try #1 at 23:46:22
33 verbose request using bearer token for auth
34 verbose request id 91bd5d7306c040ce
35 http request PUT http://registry.npmjs.org/es6-pin
36 http 403 http://registry.npmjs.org/es6-pin
37 verbose headers { 'content-type': 'application/json',
37 verbose headers   'cache-control': 'max-age=300',
37 verbose headers   'content-length': '95',
37 verbose headers   'accept-ranges': 'bytes',
37 verbose headers   date: 'Mon, 15 Aug 2016 15:46:26 GMT',
37 verbose headers   via: '1.1 varnish',
37 verbose headers   connection: 'keep-alive',
37 verbose headers   'x-served-by': 'cache-ams4137-AMS',
37 verbose headers   'x-cache': 'MISS',
37 verbose headers   'x-cache-hits': '0',
37 verbose headers   'x-timer': 'S1471275984.162639,VS0,VE2412',
37 verbose headers   vary: 'Accept-Encoding' }
38 verbose request invalidating /Users/Go7hic/.npm/registry.npmjs.org/es6-pin on PUT
39 error publish Failed PUT 403
40 verbose stack Error: "You cannot publish over the previously published version 1.0.0." : es6-pin
40 verbose stack     at makeError (/Users/Go7hic/.nvm/versions/node/v6.0.0/lib/node_modules/npm/node_modules/npm-registry-client/lib/request.js:264:12)
40 verbose stack     at CachingRegistryClient.<anonymous> (/Users/Go7hic/.nvm/versions/node/v6.0.0/lib/node_modules/npm/node_modules/npm-registry-client/lib/request.js:252:14)
40 verbose stack     at Request._callback (/Users/Go7hic/.nvm/versions/node/v6.0.0/lib/node_modules/npm/node_modules/npm-registry-client/lib/request.js:172:14)
40 verbose stack     at Request.self.callback (/Users/Go7hic/.nvm/versions/node/v6.0.0/lib/node_modules/npm/node_modules/request/request.js:199:22)
40 verbose stack     at emitTwo (events.js:106:13)
40 verbose stack     at Request.emit (events.js:191:7)
40 verbose stack     at Request.<anonymous> (/Users/Go7hic/.nvm/versions/node/v6.0.0/lib/node_modules/npm/node_modules/request/request.js:1036:10)
40 verbose stack     at emitOne (events.js:101:20)
40 verbose stack     at Request.emit (events.js:188:7)
40 verbose stack     at IncomingMessage.<anonymous> (/Users/Go7hic/.nvm/versions/node/v6.0.0/lib/node_modules/npm/node_modules/request/request.js:963:12)
41 verbose statusCode 403
42 verbose pkgid es6-pin
43 verbose cwd /Users/Go7hic/workspace/Github/es6-pin
44 error Darwin 15.3.0
45 error argv "/Users/Go7hic/.nvm/versions/node/v6.0.0/bin/node" "/Users/Go7hic/.nvm/versions/node/v6.0.0/bin/npm" "publish"
46 error node v6.0.0
47 error npm  v3.8.6
48 error code E403
49 error "You cannot publish over the previously published version 1.0.0." : es6-pin
50 error If you need help, you may report this error at:
50 error     <https://github.com/npm/npm/issues>
51 verbose exit [ 1, true ]
